
 Electrostatic potential parameters

 Grid information (see 1_default_grid.dat in units of <psi4)
     van der Waals radii (Angstrom):
                                       C   1.500
                                       H   1.200
                                       O   1.400
     Number of VDW layers:             4
     VDW scale facotr:                 1.400
     VDW increment:                    0.200
     VDW point density:                1.000
     Number of grid points:            534

 Quantum electrostatic potential (see 1_default_grid_esp.dat)
     ESP method:                       scf
     ESP basis set:                    6-31g*

 Constraints

 Restraint
     Hyperbolic restraint to a charge of zero
     Hydrogen atoms are not restrained
     resp_a:                           0.0005
     resp_b:                           0.1000

 Fit

 Electrostatic Potential Charges
   Center  Symbol       ESP      RESP
       1    C       -0.47447  -0.29504
       2    H        0.15053   0.10713
       3    H        0.15053   0.10713
       4    H        0.13074   0.08483
       5    C        0.88861   0.80433
       6    O       -0.67612  -0.66147
       7    H        0.45167   0.45335
       8    O       -0.62150  -0.60026
 Total Charge:       0.00000   0.00000
