
 Electrostatic potential parameters

 Grid information (see 1_stage2_grid.dat in units of <psi4)
     van der Waals radii (Angstrom):
     Number of VDW layers:             4
     VDW scale facotr:                 1.400
     VDW increment:                    0.200
     VDW point density:                1.000
     Number of grid points:            534

 Quantum electrostatic potential (see 1_stage2_grid_esp.dat)
     ESP method:                       scf
     ESP basis set:                    6-31g*

 Constraints
     Charge constraints
         Total charge of  0.80433 on the set   5
         Total charge of -0.66147 on the set   6
         Total charge of  0.45335 on the set   7
         Total charge of -0.60026 on the set   8
     Equality constraints
         Equal charges on atoms
                                 2   3   4

 Restraint
     Hyperbolic restraint to a charge of zero
     Hydrogen atoms are not restrained
     resp_a:                           0.0010
     resp_b:                           0.1000

 Fit

 Electrostatic Potential Charges
   Center  Symbol       ESP      RESP
       1    C       -0.30720  -0.29095
       2    H        0.10375   0.09833
       3    H        0.10375   0.09833
       4    H        0.10375   0.09833
       5    C        0.80433   0.80433
       6    O       -0.66147  -0.66147
       7    H        0.45335   0.45335
       8    O       -0.60026  -0.60026
 Total Charge:       0.00000   0.00000
